Printing description of main:
<CFRunLoop 0x600003e98600 [0x7fff8004b340]>{wakeup port = 0x1c03, stopped = false, ignoreWakeUps = false, 
current mode = kCFRunLoopDefaultMode,
common modes = <CFBasicHash 0x600000cad380 [0x7fff8004b340]>{type = mutable set, count = 2,
entries =>
	0 : <CFString 0x7fff84e36810 [0x7fff8004b340]>{contents = "UITrackingRunLoopMode"}
	2 : <CFString 0x7fff801c8258 [0x7fff8004b340]>{contents = "kCFRunLoopDefaultMode"}
}
,
common mode items = <CFBasicHash 0x600000cd5350 [0x7fff8004b340]>{type = mutable set, count = 15,
entries =>
	0 : <CFRunLoopSource 0x600003794240 [0x7fff8004b340]>{signalled = No, valid = Yes, order = -1, context = <CFRunLoopSource context>{version = 0, info = 0x0, callout = PurpleEventSignalCallback (0x7fff2b875b92)}}
	1 : <CFRunLoopObserver 0x60000339c140 [0x7fff8004b340]>{valid = Yes, activities = 0x20, repeats = Yes, order = 0, callout = _UIGestureRecognizerUpdateObserver (0x7fff241e4cec), context = <CFRunLoopObserver context 0x6000029952d0>}
	2 : <CFRunLoopSource 0x600003794d80 [0x7fff8004b340]>{signalled = No, valid = Yes, order = -2, context = <CFRunLoopSource context>{version = 0, info = 0x600000cc74e0, callout = __eventFetcherSourceCallback (0x7fff247684f8)}}
	6 : <CFRunLoopSource 0x6000037909c0 [0x7fff8004b340]>{signalled = No, valid = Yes, order = 0, context = <MSHRunLoopSource 0x600000ce92f0> {port = 551b, callback = 0x0}}
	8 : <CFRunLoopSource 0x600003790900 [0x7fff8004b340]>{signalled = No, valid = Yes, order = 0, context = <MSHRunLoopSource 0x600000ce95c0> {port = a907, callback = 0x0}}
	9 : <CFRunLoopObserver 0x600003390a00 [0x7fff8004b340]>{valid = Yes, activities = 0x1, repeats = Yes, order = -2147483647, callout = _runLoopObserverCallout (0x7fff24192c31), context = (
    "<_UIWeakReference: 0x6000000940d0>"
)}
	10 : <CFRunLoopSource 0x60000379c0c0 [0x7fff8004b340]>{signalled = No, valid = Yes, order = -1, context = <CFRunLoopSource context>{version = 1, info = 0x2f07, callout = PurpleEventCallback (0x7fff2b875b9e)}}
	12 : <CFRunLoopSource 0x600003790a80 [0x7fff8004b340]>{signalled = No, valid = Yes, order = 0, context = <MSHRunLoopSource 0x6000002bdda0> {port = 5607, callback = 0x7fff2bb33336}}
	14 : <CFRunLoopSource 0x600003798300 [0x7fff8004b340]>{signalled = No, valid = Yes, order = 0, context = <CFRunLoopSource MIG Server> {port = 40195, subsystem = 0x7fff854a0e90, context = 0x60000269a2e0}}
	15 : <CFRunLoopSource 0x6000037980c0 [0x7fff8004b340]>{signalled = No, valid = Yes, order = 0, context = <CFRunLoopSource context>{version = 0, info = 0x60000269ccc0, callout = FBSSerialQueueRunLoopSourceHandler (0x7fff25a68b2e)}}
	16 : <CFRunLoopObserver 0x6000033914a0 [0x7fff8004b340]>{valid = Yes, activities = 0xa0, repeats = Yes, order = 2000000, callout = _ZN2CA11Transaction17observer_callbackEP19__CFRunLoopObservermPv (0x7fff2798a4d0), context = <CFRunLoopObserver context 0x0>}
	18 : <CFRunLoopSource 0x600003794c00 [0x7fff8004b340]>{signalled = No, valid = Yes, order = -1, context = <CFRunLoopSource context>{version = 0, info = 0x60000399c1a0, callout = __eventQueueSourceCallback (0x7fff24768486)}}
	19 : <CFRunLoopObserver 0x600003391220 [0x7fff8004b340]>{valid = Yes, activities = 0xa0, repeats = Yes, order = 1999000, callout = _beforeCACommitHandler (0x7fff246f1978), context = <CFRunLoopObserver context 0x7fc6495041a0>}
	20 : <CFRunLoopObserver 0x600003391180 [0x7fff8004b340]>{valid = Yes, activities = 0xa0, repeats = Yes, order = 2001000, callout = _afterCACommitHandler (0x7fff246f19e1), context = <CFRunLoopObserver context 0x7fc6495041a0>}
	22 : <CFRunLoopObserver 0x6000033901e0 [0x7fff8004b340]>{valid = Yes, activities = 0xa0, repeats = Yes, order = 2147483647, callout = _runLoopObserverCallout (0x7fff24192c31), context = (
    "<_UIWeakReference: 0x6000000940d0>"
)}
}
,
modes = <CFBasicHash 0x600000cad320 [0x7fff8004b340]>{type = mutable set, count = 4,
entries =>
	2 : <CFRunLoopMode 0x6000039901a0 [0x7fff8004b340]>{name = UITrackingRunLoopMode, port set = 0x2c03, queue = 0x600002c95480, source = 0x600002c95580 (not fired), timer port = 0x5103, 
	sources0 = <CFBasicHash 0x600000cd53b0 [0x7fff8004b340]>{type = mutable set, count = 4,
entries =>
	0 : <CFRunLoopSource 0x600003794240 [0x7fff8004b340]>{signalled = No, valid = Yes, order = -1, context = <CFRunLoopSource context>{version = 0, info = 0x0, callout = PurpleEventSignalCallback (0x7fff2b875b92)}}
	1 : <CFRunLoopSource 0x600003794d80 [0x7fff8004b340]>{signalled = No, valid = Yes, order = -2, context = <CFRunLoopSource context>{version = 0, info = 0x600000cc74e0, callout = __eventFetcherSourceCallback (0x7fff247684f8)}}
	5 : <CFRunLoopSource 0x600003794c00 [0x7fff8004b340]>{signalled = No, valid = Yes, order = -1, context = <CFRunLoopSource context>{version = 0, info = 0x60000399c1a0, callout = __eventQueueSourceCallback (0x7fff24768486)}}
	6 : <CFRunLoopSource 0x6000037980c0 [0x7fff8004b340]>{signalled = No, valid = Yes, order = 0, context = <CFRunLoopSource context>{version = 0, info = 0x60000269ccc0, callout = FBSSerialQueueRunLoopSourceHandler (0x7fff25a68b2e)}}
}
,
	sources1 = <CFBasicHash 0x600000cd53e0 [0x7fff8004b340]>{type = mutable set, count = 5,
entries =>
	1 : <CFRunLoopSource 0x600003790a80 [0x7fff8004b340]>{signalled = No, valid = Yes, order = 0, context = <MSHRunLoopSource 0x6000002bdda0> {port = 5607, callback = 0x7fff2bb33336}}
	2 : <CFRunLoopSource 0x600003798300 [0x7fff8004b340]>{signalled = No, valid = Yes, order = 0, context = <CFRunLoopSource MIG Server> {port = 40195, subsystem = 0x7fff854a0e90, context = 0x60000269a2e0}}
	3 : <CFRunLoopSource 0x6000037909c0 [0x7fff8004b340]>{signalled = No, valid = Yes, order = 0, context = <MSHRunLoopSource 0x600000ce92f0> {port = 551b, callback = 0x0}}
	4 : <CFRunLoopSource 0x600003790900 [0x7fff8004b340]>{signalled = No, valid = Yes, order = 0, context = <MSHRunLoopSource 0x600000ce95c0> {port = a907, callback = 0x0}}
	6 : <CFRunLoopSource 0x60000379c0c0 [0x7fff8004b340]>{signalled = No, valid = Yes, order = -1, context = <CFRunLoopSource context>{version = 1, info = 0x2f07, callout = PurpleEventCallback (0x7fff2b875b9e)}}
}
,
	observers = (
    "<CFRunLoopObserver 0x600003390a00 [0x7fff8004b340]>{valid = Yes, activities = 0x1, repeats = Yes, order = -2147483647, callout = _runLoopObserverCallout (0x7fff24192c31), context = (\n    \"<_UIWeakReference: 0x6000000940d0>\"\n)}",
    "<CFRunLoopObserver 0x60000339c140 [0x7fff8004b340]>{valid = Yes, activities = 0x20, repeats = Yes, order = 0, callout = _UIGestureRecognizerUpdateObserver (0x7fff241e4cec), context = <CFRunLoopObserver context 0x6000029952d0>}",
    "<CFRunLoopObserver 0x600003391220 [0x7fff8004b340]>{valid = Yes, activities = 0xa0, repeats = Yes, order = 1999000, callout = _beforeCACommitHandler (0x7fff246f1978), context = <CFRunLoopObserver context 0x7fc6495041a0>}",
    "<CFRunLoopObserver 0x6000033914a0 [0x7fff8004b340]>{valid = Yes, activities = 0xa0, repeats = Yes, order = 2000000, callout = _ZN2CA11Transaction17observer_callbackEP19__CFRunLoopObservermPv (0x7fff2798a4d0), context = <CFRunLoopObserver context 0x0>}",
    "<CFRunLoopObserver 0x600003391180 [0x7fff8004b340]>{valid = Yes, activities = 0xa0, repeats = Yes, order = 2001000, callout = _afterCACommitHandler (0x7fff246f19e1), context = <CFRunLoopObserver context 0x7fc6495041a0>}",
    "<CFRunLoopObserver 0x6000033901e0 [0x7fff8004b340]>{valid = Yes, activities = 0xa0, repeats = Yes, order = 2147483647, callout = _runLoopObserverCallout (0x7fff24192c31), context = (\n    \"<_UIWeakReference: 0x6000000940d0>\"\n)}"
),
	timers = (null),
	currently 651554739 (49683105415927) / soft deadline in: 1.84466944e+10 sec (@ -1) / hard deadline in: 1.84466944e+10 sec (@ -1)
},

	3 : <CFRunLoopMode 0x600003990270 [0x7fff8004b340]>{name = GSEventReceiveRunLoopMode, port set = 0x5003, queue = 0x600002c95600, source = 0x600002c95700 (not fired), timer port = 0x2e03, 
	sources0 = <CFBasicHash 0x600000cd5470 [0x7fff8004b340]>{type = mutable set, count = 1,
entries =>
	0 : <CFRunLoopSource 0x600003794240 [0x7fff8004b340]>{signalled = No, valid = Yes, order = -1, context = <CFRunLoopSource context>{version = 0, info = 0x0, callout = PurpleEventSignalCallback (0x7fff2b875b92)}}
}
,
	sources1 = <CFBasicHash 0x600000cd54a0 [0x7fff8004b340]>{type = mutable set, count = 1,
entries =>
	0 : <CFRunLoopSource 0x60000379c180 [0x7fff8004b340]>{signalled = No, valid = Yes, order = -1, context = <CFRunLoopSource context>{version = 1, info = 0x2f07, callout = PurpleEventCallback (0x7fff2b875b9e)}}
}
,
	observers = (null),
	timers = (null),
	currently 651554739 (49683107031687) / soft deadline in: 1.84466944e+10 sec (@ -1) / hard deadline in: 1.84466944e+10 sec (@ -1)
},

	4 : <CFRunLoopMode 0x6000039900d0 [0x7fff8004b340]>{name = kCFRunLoopDefaultMode, port set = 0x230b, queue = 0x600002c95080, source = 0x600002c95180 (not fired), timer port = 0x2003, 
	sources0 = <CFBasicHash 0x600000cd5410 [0x7fff8004b340]>{type = mutable set, count = 4,
entries =>
	0 : <CFRunLoopSource 0x600003794240 [0x7fff8004b340]>{signalled = No, valid = Yes, order = -1, context = <CFRunLoopSource context>{version = 0, info = 0x0, callout = PurpleEventSignalCallback (0x7fff2b875b92)}}
	1 : <CFRunLoopSource 0x600003794d80 [0x7fff8004b340]>{signalled = No, valid = Yes, order = -2, context = <CFRunLoopSource context>{version = 0, info = 0x600000cc74e0, callout = __eventFetcherSourceCallback (0x7fff247684f8)}}
	5 : <CFRunLoopSource 0x600003794c00 [0x7fff8004b340]>{signalled = No, valid = Yes, order = -1, context = <CFRunLoopSource context>{version = 0, info = 0x60000399c1a0, callout = __eventQueueSourceCallback (0x7fff24768486)}}
	6 : <CFRunLoopSource 0x6000037980c0 [0x7fff8004b340]>{signalled = No, valid = Yes, order = 0, context = <CFRunLoopSource context>{version = 0, info = 0x60000269ccc0, callout = FBSSerialQueueRunLoopSourceHandler (0x7fff25a68b2e)}}
}
,
	sources1 = <CFBasicHash 0x600000cd5440 [0x7fff8004b340]>{type = mutable set, count = 5,
entries =>
	1 : <CFRunLoopSource 0x600003790a80 [0x7fff8004b340]>{signalled = No, valid = Yes, order = 0, context = <MSHRunLoopSource 0x6000002bdda0> {port = 5607, callback = 0x7fff2bb33336}}
	2 : <CFRunLoopSource 0x600003798300 [0x7fff8004b340]>{signalled = No, valid = Yes, order = 0, context = <CFRunLoopSource MIG Server> {port = 40195, subsystem = 0x7fff854a0e90, context = 0x60000269a2e0}}
	3 : <CFRunLoopSource 0x6000037909c0 [0x7fff8004b340]>{signalled = No, valid = Yes, order = 0, context = <MSHRunLoopSource 0x600000ce92f0> {port = 551b, callback = 0x0}}
	4 : <CFRunLoopSource 0x600003790900 [0x7fff8004b340]>{signalled = No, valid = Yes, order = 0, context = <MSHRunLoopSource 0x600000ce95c0> {port = a907, callback = 0x0}}
	6 : <CFRunLoopSource 0x60000379c0c0 [0x7fff8004b340]>{signalled = No, valid = Yes, order = -1, context = <CFRunLoopSource context>{version = 1, info = 0x2f07, callout = PurpleEventCallback (0x7fff2b875b9e)}}
}
,
	observers = (
    "<CFRunLoopObserver 0x600003390a00 [0x7fff8004b340]>{valid = Yes, activities = 0x1, repeats = Yes, order = -2147483647, callout = _runLoopObserverCallout (0x7fff24192c31), context = (\n    \"<_UIWeakReference: 0x6000000940d0>\"\n)}",
    "<CFRunLoopObserver 0x60000339c140 [0x7fff8004b340]>{valid = Yes, activities = 0x20, repeats = Yes, order = 0, callout = _UIGestureRecognizerUpdateObserver (0x7fff241e4cec), context = <CFRunLoopObserver context 0x6000029952d0>}",
    "<CFRunLoopObserver 0x600003391220 [0x7fff8004b340]>{valid = Yes, activities = 0xa0, repeats = Yes, order = 1999000, callout = _beforeCACommitHandler (0x7fff246f1978), context = <CFRunLoopObserver context 0x7fc6495041a0>}",
    "<CFRunLoopObserver 0x6000033914a0 [0x7fff8004b340]>{valid = Yes, activities = 0xa0, repeats = Yes, order = 2000000, callout = _ZN2CA11Transaction17observer_callbackEP19__CFRunLoopObservermPv (0x7fff2798a4d0), context = <CFRunLoopObserver context 0x0>}",
    "<CFRunLoopObserver 0x600003391180 [0x7fff8004b340]>{valid = Yes, activities = 0xa0, repeats = Yes, order = 2001000, callout = _afterCACommitHandler (0x7fff246f19e1), context = <CFRunLoopObserver context 0x7fc6495041a0>}",
    "<CFRunLoopObserver 0x6000033901e0 [0x7fff8004b340]>{valid = Yes, activities = 0xa0, repeats = Yes, order = 2147483647, callout = _runLoopObserverCallout (0x7fff24192c31), context = (\n    \"<_UIWeakReference: 0x6000000940d0>\"\n)}"
),
	timers = <CFArray 0x60000269a460 [0x7fff8004b340]>{type = mutable-small, count = 0, values = ()},
	currently 651554739 (49683107071987) / soft deadline in: 1.84466944e+10 sec (@ -1) / hard deadline in: 1.84466944e+10 sec (@ -1)
},

	5 : <CFRunLoopMode 0x600003998680 [0x7fff8004b340]>{name = kCFRunLoopCommonModes, port set = 0xa003, queue = 0x600002c9a580, source = 0x600002c9b000 (not fired), timer port = 0x9e03, 
	sources0 = (null),
	sources1 = (null),
	observers = (null),
	timers = (null),
	currently 651554739 (49683108651177) / soft deadline in: 1.84466944e+10 sec (@ -1) / hard deadline in: 1.84466944e+10 sec (@ -1)
},

}
}
(lldb) 