Compiling the C compiler identification source file "CMakeCCompilerId.c" failed.
Compiler: /Applications/Xcode.app/Contents/Developer/Toolchains/XcodeDefault.xctoolchain/usr/bin/cc 
Build flags: 
Id flags:  

The output was:
1
ld: library not found for -lSystem
clang: error: linker command failed with exit code 1 (use -v to see invocation)


Checking whether the ASM compiler is GNU using "--version" did not match "(GNU assembler)|(GCC)|(Free Software Foundation)":
Apple clang version 12.0.5 (clang-1205.0.22.11)
Target: x86_64-apple-darwin21.0.0
Thread model: posix
InstalledDir: /Applications/Xcode.app/Contents/Developer/Toolchains/XcodeDefault.xctoolchain/usr/bin
Compiling the CXX compiler identification source file "CMakeCXXCompilerId.cpp" failed.
Compiler: /Applications/Xcode.app/Contents/Developer/Toolchains/XcodeDefault.xctoolchain/usr/bin/c++ 
Build flags: 
Id flags:  

The output was:
1
ld: library not found for -lc++
clang: error: linker command failed with exit code 1 (use -v to see invocation)


Performing C++ SOURCE FILE Test CXA_ALLOCATE_EXCEPTION_NOEXCEPT_COMPILES failed with the following output:
Change Dir: /Users/xiaoniu/Desktop/libobjc2/CMakeFiles/CMakeTmp

Run Build Command(s):/usr/bin/make -f Makefile cmTC_16d20/fast && /Applications/Xcode.app/Contents/Developer/usr/bin/make  -f CMakeFiles/cmTC_16d20.dir/build.make CMakeFiles/cmTC_16d20.dir/build
Building CXX object CMakeFiles/cmTC_16d20.dir/src.cxx.o
/Applications/Xcode.app/Contents/Developer/Toolchains/XcodeDefault.xctoolchain/usr/bin/c++ -DCXA_ALLOCATE_EXCEPTION_NOEXCEPT_COMPILES  -isysroot /Applications/Xcode.app/Contents/Developer/Platforms/MacOSX.platform/Developer/SDKs/MacOSX11.3.sdk -MD -MT CMakeFiles/cmTC_16d20.dir/src.cxx.o -MF CMakeFiles/cmTC_16d20.dir/src.cxx.o.d -o CMakeFiles/cmTC_16d20.dir/src.cxx.o -c /Users/xiaoniu/Desktop/libobjc2/CMakeFiles/CMakeTmp/src.cxx
### CCC_OVERRIDE_OPTIONS: x/TC x/TP x-TC x-TP
/Users/xiaoniu/Desktop/libobjc2/CMakeFiles/CMakeTmp/src.cxx:5:53: error: expected function body after function declarator
        void *__cxa_allocate_exception(size_t thrown_size) noexcept;
                                                           ^
1 error generated.
make[1]: *** [CMakeFiles/cmTC_16d20.dir/src.cxx.o] Error 1
make: *** [cmTC_16d20/fast] Error 2


Source file was:

	#include <stdlib.h>
	extern "C" {
	__attribute__((weak))
	void *__cxa_allocate_exception(size_t thrown_size) noexcept;
	}
	#include <exception>
	int main() { return 0; }
